<?xml version="1.0" encoding="UTF-8"?>
<testng-results skipped="0" failed="0" ignored="0" total="0" passed="0">
  <reporter-output>
  </reporter-output>
  <suite name="RizqiFauzan.Selenium.AppTest" duration-ms="7" started-at="2020-03-14T14:42:00Z" finished-at="2020-03-14T14:42:00Z">
    <groups>
    </groups>
    <test name="Command line test" duration-ms="7" started-at="2020-03-14T14:42:00Z" finished-at="2020-03-14T14:42:00Z">
    </test> <!-- Command line test -->
  </suite> <!-- RizqiFauzan.Selenium.AppTest -->
</testng-results>
